<?xml version="1.0" encoding="UTF-8"?>
<!-- Generated by org.testng.reporters.JUnitReportReporter -->
<testsuite hostname="DESKTOP-EKPD0AC" failures="0" tests="1" name="package1.Project1.TestCase1_Facebook_Login" time="16.599" errors="0" timestamp="2025-10-14T07:30:08 IST" skipped="0">
  <testcase classname="package1.Project1.TestCase1_Facebook_Login" name="withValidCredentails" time="16.599"/>
</testsuite> <!-- package1.Project1.TestCase1_Facebook_Login -->
