<?xml version="1.0" encoding="UTF-8"?>
<!-- Generated by org.testng.reporters.JUnitReportReporter -->
<testsuite hostname="DESKTOP-EKPD0AC" failures="0" tests="1" name="package1.Project1.TC1_LoginToAmazon" time="53.085" errors="0" timestamp="2025-10-20T07:26:25 IST" skipped="0">
  <testcase classname="package1.Project1.TC1_LoginToAmazon" name="withValidCred" time="53.085">
    <system-out>
      <![CDATA[Login is success
TC pass and Listener logic started
Screenshot complete on Success]]>
    </system-out>
  </testcase> <!-- withValidCred -->
  <system-out>
    <![CDATA[Chrome browser is launched
Amazon website is launched
Login is success
TC pass and Listener logic started
Screenshot complete on Success]]>
  </system-out>
</testsuite> <!-- package1.Project1.TC1_LoginToAmazon -->
