<?xml version="1.0" encoding="UTF-8"?>
<!-- Generated by org.testng.reporters.JUnitReportReporter -->
<testsuite hostname="DESKTOP-EKPD0AC" failures="0" tests="1" name="package1.Project1.TC3_LoginToAmazonSearchingLogout" time="68.691" errors="0" timestamp="2025-10-16T07:35:27 IST" skipped="0">
  <testcase classname="package1.Project1.TC3_LoginToAmazonSearchingLogout" name="withValidCred" time="68.691">
    <system-out>
      <![CDATA[Login to amazon and search product and logout success
TC pass and Listener logic started
Screenshot complete on Success]]>
    </system-out>
  </testcase> <!-- withValidCred -->
  <system-out>
    <![CDATA[Chrome browser is launched
Amazon website is launched
Since Tc failed, it has to be retried 2 times
Chrome browser is launched
Amazon website is launched
Since Tc failed, it has to be retried 2 times
Chrome browser is launched
Amazon website is launched
Login is success
TC pass and Listener logic started
Screenshot complete on Success
Chrome browser is launched
Amazon website is launched
Login to amazon and search product and logout success
TC pass and Listener logic started
Screenshot complete on Success
Chrome browser is launched
Amazon website is launched
Login and logout is success
TC pass and Listener logic started
Screenshot complete on Success]]>
  </system-out>
</testsuite> <!-- package1.Project1.TC3_LoginToAmazonSearchingLogout -->
