<?xml version="1.0" encoding="UTF-8"?>
<!-- Generated by org.testng.reporters.JUnitReportReporter -->
<testsuite hostname="DESKTOP-EKPD0AC" failures="0" tests="2" name="package1.Project1.TC1_LoginToAmazon" time="62.635" errors="0" timestamp="2025-10-21T08:10:02 IST" skipped="1">
  <testcase classname="package1.Project1.TC1_LoginToAmazon" name="withValidCred" time="37.708">
    <system-out>
      <![CDATA[Login is success
TC pass and Listener logic started
Screenshot complete on Success]]>
    </system-out>
  </testcase> <!-- withValidCred -->
  <testcase classname="package1.Project1.TC1_LoginToAmazon" name="withValidCred" time="24.927">
    <skipped/>
    <system-out>
      <![CDATA[Since Tc failed, it has to be retried 2 times]]>
    </system-out>
  </testcase> <!-- withValidCred -->
  <system-out>
    <![CDATA[Chrome browser is launched
Amazon website is launched
Since Tc failed, it has to be retried 2 times
Chrome browser is launched
Amazon website is launched
Login is success
TC pass and Listener logic started
Screenshot complete on Success]]>
  </system-out>
</testsuite> <!-- package1.Project1.TC1_LoginToAmazon -->
